2026-06-09 06:06:17 start: speakerType=2, agentAccount=admin, customerName=nqE5VO | webpush_loaded: YES | skip: speakerType=2, only type=1 needs push
2026-06-09 06:06:24 start: speakerType=1, agentAccount=admin, customerName=nqE5VO | webpush_loaded: YES | receiver: id=admin, type=agent | platform=转转 | avatar_icon=https://zzcc.pro/assets/img/zz-kf.png | subscription_found: YES | push_result: success=YES, statusCode=201
2026-06-09 06:06:34 start: speakerType=1, agentAccount=admin, customerName=nqE5VO | webpush_loaded: YES | receiver: id=admin, type=agent | platform=转转 | avatar_icon=https://zzcc.pro/assets/img/zz-kf.png | subscription_found: YES | push_result: success=YES, statusCode=201
2026-06-09 06:06:48 start: speakerType=1, agentAccount=admin, customerName=nqE5VO | webpush_loaded: YES | receiver: id=admin, type=agent | platform=转转 | avatar_icon=https://zzcc.pro/assets/img/zz-kf.png | subscription_found: YES | push_result: success=YES, statusCode=201
2026-06-09 06:12:26 start: speakerType=1, agentAccount=admin, customerName=nqE5VO | webpush_loaded: YES | receiver: id=admin, type=agent | platform=转转 | avatar_icon=https://zzcc.pro/assets/img/zz-kf.png | subscription_found: YES | push_result: success=YES, statusCode=201
2026-06-09 06:12:40 start: speakerType=1, agentAccount=admin, customerName=nqE5VO | webpush_loaded: YES | receiver: id=admin, type=agent | platform=转转 | avatar_icon=https://zzcc.pro/assets/img/zz-kf.png | subscription_found: YES | push_result: success=YES, statusCode=201
2026-06-09 06:12:46 start: speakerType=1, agentAccount=admin, customerName=nqE5VO | webpush_loaded: YES | receiver: id=admin, type=agent | platform=转转 | avatar_icon=https://zzcc.pro/assets/img/zz-kf.png | subscription_found: YES | push_result: success=YES, statusCode=201
2026-06-09 06:12:48 start: speakerType=1, agentAccount=admin, customerName=nqE5VO | webpush_loaded: YES | receiver: id=admin, type=agent | platform=转转 | avatar_icon=https://zzcc.pro/assets/img/zz-kf.png | subscription_found: YES | push_result: success=YES, statusCode=201
2026-06-09 06:12:49 start: speakerType=1, agentAccount=admin, customerName=nqE5VO | webpush_loaded: YES | receiver: id=admin, type=agent | platform=转转 | avatar_icon=https://zzcc.pro/assets/img/zz-kf.png | subscription_found: YES | push_result: success=YES, statusCode=201
2026-06-09 06:12:50 start: speakerType=1, agentAccount=admin, customerName=nqE5VO | webpush_loaded: YES | receiver: id=admin, type=agent | platform=转转 | avatar_icon=https://zzcc.pro/assets/img/zz-kf.png | subscription_found: YES | push_result: success=YES, statusCode=201
2026-06-09 06:13:33 start: speakerType=1, agentAccount=admin, customerName=ZUHk8o | webpush_loaded: YES | receiver: id=admin, type=agent | platform=闲鱼 | avatar_icon=https://zzcc.pro/assets/img/xianyulist.jpg | subscription_found: YES | push_result: success=YES, statusCode=201
2026-06-09 06:13:59 start: speakerType=1, agentAccount=admin, customerName=nqE5VO | webpush_loaded: YES | receiver: id=admin, type=agent | platform=转转 | avatar_icon=https://zzcc.pro/assets/img/zz-kf.png | subscription_found: YES | push_result: success=YES, statusCode=201
2026-06-09 06:15:52 start: speakerType=1, agentAccount=admin, customerName=nqE5VO | webpush_loaded: YES | receiver: id=admin, type=agent | platform=转转 | avatar_icon=https://zzcc.pro/assets/img/zz-kf.png | subscription_found: YES | push_result: success=YES, statusCode=201
2026-06-09 06:16:14 start: speakerType=1, agentAccount=admin, customerName=nqE5VO | webpush_loaded: YES | receiver: id=admin, type=agent | platform=转转 | avatar_icon=https://zzcc.pro/assets/img/zz-kf.png | subscription_found: YES | push_result: success=YES, statusCode=201
2026-06-09 07:38:18 start: speakerType=1, agentAccount=admin, customerName=TExbbt | webpush_loaded: YES | receiver: id=admin, type=agent | platform=闲鱼 | avatar_icon=https://zzcc.pro/assets/img/xianyulist.jpg | subscription_found: YES | push_result: success=YES, statusCode=201
2026-06-09 07:38:29 start: speakerType=1, agentAccount=admin, customerName=55WEK4 | webpush_loaded: YES | receiver: id=admin, type=agent | platform=转转 | avatar_icon=https://zzcc.pro/assets/img/zz-kf.png | subscription_found: YES | push_result: success=YES, statusCode=201
2026-06-09 07:38:43 start: speakerType=1, agentAccount=admin, customerName=6TWv86 | webpush_loaded: YES | receiver: id=admin, type=agent | platform=螃蟹 | avatar_icon=https://zzcc.pro/assets/img/pangxielist.png | subscription_found: YES | push_result: success=YES, statusCode=201
2026-06-09 07:38:57 start: speakerType=1, agentAccount=admin, customerName=EqGVnV | webpush_loaded: YES | receiver: id=admin, type=agent | platform=盼之 | avatar_icon=https://zzcc.pro/assets/img/panzhi.png | subscription_found: YES | push_result: success=YES, statusCode=201
2026-06-09 07:39:07 start: speakerType=1, agentAccount=admin, customerName=u5z36E | webpush_loaded: YES | receiver: id=admin, type=agent | platform=螃蟹 | avatar_icon=https://zzcc.pro/assets/img/pangxielist.png | subscription_found: YES | push_result: success=YES, statusCode=201
2026-06-09 07:39:15 start: speakerType=1, agentAccount=admin, customerName=la1AdC | webpush_loaded: YES | receiver: id=admin, type=agent | platform=盼之 | avatar_icon=https://zzcc.pro/assets/img/panzhi.png | subscription_found: YES | push_result: success=YES, statusCode=201
2026-06-09 07:39:36 start: speakerType=1, agentAccount=admin, customerName=vVlSqi | webpush_loaded: YES | receiver: id=admin, type=agent | platform=交易猫 | avatar_icon=https://zzcc.pro/assets/img/jym-kf.png | subscription_found: YES | push_result: success=YES, statusCode=201
2026-06-09 07:39:51 start: speakerType=1, agentAccount=admin, customerName=jFcwCJ | webpush_loaded: YES | receiver: id=admin, type=agent | platform=腾讯客服 | avatar_icon=https://zzcc.pro/assets/img/wechat.jpg | subscription_found: YES | push_result: success=YES, statusCode=201
2026-06-09 07:40:03 start: speakerType=1, agentAccount=admin, customerName=p0lY1c | webpush_loaded: YES | receiver: id=admin, type=agent | platform=银联 | avatar_icon=https://zzcc.pro/assets/img/yinlian.ico | subscription_found: YES | push_result: success=YES, statusCode=201
2026-06-09 07:40:22 start: speakerType=1, agentAccount=admin, customerName=u0NuOT | webpush_loaded: YES | receiver: id=admin, type=agent | platform=千岛 | avatar_icon=https://zzcc.pro/assets/img/qd-kefu.png | subscription_found: YES | push_result: success=YES, statusCode=201
2026-06-09 07:40:34 start: speakerType=1, agentAccount=admin, customerName=L2BwZ1 | webpush_loaded: YES | receiver: id=admin, type=agent | platform=氪金兽 | avatar_icon=https://zzcc.pro/assets/img/kjs-kefu.jpg | subscription_found: YES | push_result: success=YES, statusCode=201
2026-06-09 07:40:48 start: speakerType=1, agentAccount=admin, customerName=sLkIe6 | webpush_loaded: YES | receiver: id=admin, type=agent | platform=白情 | avatar_icon=https://zzcc.pro/assets/img/bq-kf.jpg | subscription_found: YES | push_result: success=YES, statusCode=201
2026-06-10 11:47:06 start: speakerType=2, agentAccount=admin, customerName=yr8rGd | webpush_loaded: YES | skip: speakerType=2, only type=1 needs push
2026-06-10 12:04:29 start: speakerType=2, agentAccount=admin, customerName=yr8rGd | webpush_loaded: YES | skip: speakerType=2, only type=1 needs push
2026-06-10 16:48:40 start: speakerType=1, agentAccount=nm, customerName=UTnaGv | webpush_loaded: YES | receiver: id=nm, type=agent | platform=螃蟹群聊 | avatar_icon=https://yxkft.300077.xyz/assets/img/pangxielist.png | subscription_found: NO | skip: no valid subscription (endpoint=no, p256dh=no, auth=no)
2026-06-10 16:52:23 start: speakerType=1, agentAccount=nm, customerName=gat23P | webpush_loaded: YES | receiver: id=nm, type=agent | platform=螃蟹群聊 | avatar_icon=https://yxkft.300077.xyz/assets/img/pangxielist.png | subscription_found: NO | skip: no valid subscription (endpoint=no, p256dh=no, auth=no)
2026-06-10 16:54:47 start: speakerType=1, agentAccount=nm, customerName=34SM3M | webpush_loaded: YES | receiver: id=nm, type=agent | platform=白情群聊 | avatar_icon=https://yxkft.300077.xyz/assets/img/bq-kf.jpg | subscription_found: NO | skip: no valid subscription (endpoint=no, p256dh=no, auth=no)
2026-06-10 16:54:51 start: speakerType=1, agentAccount=nm, customerName=34SM3M | webpush_loaded: YES | receiver: id=nm, type=agent | platform=白情群聊 | avatar_icon=https://yxkft.300077.xyz/assets/img/bq-kf.jpg | subscription_found: NO | skip: no valid subscription (endpoint=no, p256dh=no, auth=no)
2026-06-10 16:55:02 start: speakerType=2, agentAccount=nm, customerName=34SM3M | webpush_loaded: YES | skip: speakerType=2, only type=1 needs push
2026-06-10 16:55:06 start: speakerType=3, agentAccount=nm, customerName=34SM3M | webpush_loaded: YES | skip: speakerType=3, only type=1 needs push
2026-06-10 16:55:13 start: speakerType=1, agentAccount=nm, customerName=UTnaGv | webpush_loaded: YES | receiver: id=nm, type=agent | platform=螃蟹群聊 | avatar_icon=https://yxkft.300077.xyz/assets/img/pangxielist.png | subscription_found: NO | skip: no valid subscription (endpoint=no, p256dh=no, auth=no)
2026-06-10 21:42:24 start: speakerType=1, agentAccount=yt6123, customerName=5yXe6A | webpush_loaded: YES | receiver: id=yt6123, type=agent | platform=螃蟹 | avatar_icon=https://yxkft.300077.xyz/assets/img/pangxielist.png | subscription_found: NO | skip: no valid subscription (endpoint=no, p256dh=no, auth=no)
2026-06-10 21:42:48 start: speakerType=2, agentAccount=yt6123, customerName=5yXe6A | webpush_loaded: YES | skip: speakerType=2, only type=1 needs push
2026-06-10 21:42:57 start: speakerType=1, agentAccount=yt6123, customerName=sqjfl3 | webpush_loaded: YES | receiver: id=yt6123, type=agent | platform=螃蟹群聊 | avatar_icon=https://yxkft.300077.xyz/assets/img/pangxielist.png | subscription_found: NO | skip: no valid subscription (endpoint=no, p256dh=no, auth=no)
2026-06-10 21:43:12 start: speakerType=3, agentAccount=yt6123, customerName=sqjfl3 | webpush_loaded: YES | skip: speakerType=3, only type=1 needs push
2026-06-10 21:43:23 start: speakerType=1, agentAccount=yt6123, customerName=sqjfl3 | webpush_loaded: YES | receiver: id=yt6123, type=agent | platform=螃蟹群聊 | avatar_icon=https://yxkft.300077.xyz/assets/img/pangxielist.png | subscription_found: NO | skip: no valid subscription (endpoint=no, p256dh=no, auth=no)
2026-06-10 21:43:36 start: speakerType=3, agentAccount=yt6123, customerName=sqjfl3 | webpush_loaded: YES | skip: speakerType=3, only type=1 needs push
2026-06-10 21:43:46 start: speakerType=2, agentAccount=yt6123, customerName=sqjfl3 | webpush_loaded: YES | skip: speakerType=2, only type=1 needs push
2026-06-10 21:43:51 start: speakerType=1, agentAccount=yt6123, customerName=sqjfl3 | webpush_loaded: YES | receiver: id=yt6123, type=agent | platform=螃蟹群聊 | avatar_icon=https://yxkft.300077.xyz/assets/img/pangxielist.png | subscription_found: NO | skip: no valid subscription (endpoint=no, p256dh=no, auth=no)
2026-06-10 21:43:56 start: speakerType=2, agentAccount=yt6123, customerName=sqjfl3 | webpush_loaded: YES | skip: speakerType=2, only type=1 needs push
2026-06-10 21:43:59 start: speakerType=1, agentAccount=yt6123, customerName=sqjfl3 | webpush_loaded: YES | receiver: id=yt6123, type=agent | platform=螃蟹群聊 | avatar_icon=https://yxkft.300077.xyz/assets/img/pangxielist.png | subscription_found: NO | skip: no valid subscription (endpoint=no, p256dh=no, auth=no)
2026-06-10 21:44:02 start: speakerType=2, agentAccount=yt6123, customerName=sqjfl3 | webpush_loaded: YES | skip: speakerType=2, only type=1 needs push
2026-06-10 21:48:42 start: speakerType=1, agentAccount=nm, customerName=Ki5XNJ | webpush_loaded: YES | receiver: id=nm, type=agent | platform=螃蟹 | avatar_icon=https://yxkft.300077.xyz/assets/img/pangxielist.png | subscription_found: NO | skip: no valid subscription (endpoint=no, p256dh=no, auth=no)
2026-06-10 21:48:50 start: speakerType=2, agentAccount=nm, customerName=Ki5XNJ | webpush_loaded: YES | skip: speakerType=2, only type=1 needs push
2026-06-10 21:54:02 start: speakerType=1, agentAccount=yt6123, customerName=ZlITpd | webpush_loaded: YES | receiver: id=yt6123, type=agent | platform=闲鱼 | avatar_icon=https://yxkft.300077.xyz/assets/img/xianyulist.jpg | subscription_found: NO | skip: no valid subscription (endpoint=no, p256dh=no, auth=no)
2026-06-10 22:04:19 start: speakerType=1, agentAccount=yt6123, customerName=YcXJyb | webpush_loaded: YES | receiver: id=yt6123, type=agent | platform=螃蟹 | avatar_icon=https://yxkft.300077.xyz/assets/img/pangxielist.png | subscription_found: YES | push_result: success=YES, statusCode=201
2026-06-10 22:04:28 start: speakerType=2, agentAccount=yt6123, customerName=YcXJyb | webpush_loaded: YES | skip: speakerType=2, only type=1 needs push
2026-06-10 22:57:43 start: speakerType=1, agentAccount=yt6123, customerName=5cuwXW | webpush_loaded: YES | receiver: id=yt6123, type=agent | platform=白情 | avatar_icon=https://yxkft.300077.xyz/assets/img/bq-kf.jpg | subscription_found: YES | push_result: success=YES, statusCode=201
2026-06-10 22:58:16 start: speakerType=2, agentAccount=yt6123, customerName=5cuwXW | webpush_loaded: YES | skip: speakerType=2, only type=1 needs push
2026-06-10 22:58:19 start: speakerType=2, agentAccount=yt6123, customerName=5cuwXW | webpush_loaded: YES | skip: speakerType=2, only type=1 needs push
2026-06-10 22:58:25 start: speakerType=2, agentAccount=yt6123, customerName=5cuwXW | webpush_loaded: YES | skip: speakerType=2, only type=1 needs push
2026-06-10 22:58:32 start: speakerType=2, agentAccount=yt6123, customerName=5cuwXW | webpush_loaded: YES | skip: speakerType=2, only type=1 needs push
2026-06-10 22:58:36 start: speakerType=2, agentAccount=yt6123, customerName=5cuwXW | webpush_loaded: YES | skip: speakerType=2, only type=1 needs push
2026-06-10 22:58:46 start: speakerType=2, agentAccount=yt6123, customerName=5cuwXW | webpush_loaded: YES | skip: speakerType=2, only type=1 needs push
2026-06-10 22:58:52 start: speakerType=2, agentAccount=yt6123, customerName=5cuwXW | webpush_loaded: YES | skip: speakerType=2, only type=1 needs push
2026-06-10 22:59:12 start: speakerType=2, agentAccount=yt6123, customerName=5cuwXW | webpush_loaded: YES | skip: speakerType=2, only type=1 needs push
2026-06-10 22:59:19 start: speakerType=2, agentAccount=yt6123, customerName=5cuwXW | webpush_loaded: YES | skip: speakerType=2, only type=1 needs push
2026-06-10 22:59:21 start: speakerType=2, agentAccount=yt6123, customerName=5cuwXW | webpush_loaded: YES | skip: speakerType=2, only type=1 needs push
2026-06-10 22:59:26 start: speakerType=2, agentAccount=yt6123, customerName=5cuwXW | webpush_loaded: YES | skip: speakerType=2, only type=1 needs push
2026-06-10 22:59:27 start: speakerType=2, agentAccount=yt6123, customerName=5cuwXW | webpush_loaded: YES | skip: speakerType=2, only type=1 needs push
2026-06-10 22:59:38 start: speakerType=2, agentAccount=yt6123, customerName=5cuwXW | webpush_loaded: YES | skip: speakerType=2, only type=1 needs push
2026-06-10 22:59:42 start: speakerType=2, agentAccount=yt6123, customerName=5cuwXW | webpush_loaded: YES | skip: speakerType=2, only type=1 needs push
2026-06-10 22:59:46 start: speakerType=2, agentAccount=yt6123, customerName=5cuwXW | webpush_loaded: YES | skip: speakerType=2, only type=1 needs push
2026-06-10 22:59:48 start: speakerType=2, agentAccount=yt6123, customerName=5cuwXW | webpush_loaded: YES | skip: speakerType=2, only type=1 needs push
2026-06-10 22:59:52 start: speakerType=2, agentAccount=yt6123, customerName=5cuwXW | webpush_loaded: YES | skip: speakerType=2, only type=1 needs push
2026-06-10 22:59:55 start: speakerType=2, agentAccount=yt6123, customerName=5cuwXW | webpush_loaded: YES | skip: speakerType=2, only type=1 needs push
2026-06-10 22:59:57 start: speakerType=2, agentAccount=yt6123, customerName=5cuwXW | webpush_loaded: YES | skip: speakerType=2, only type=1 needs push
2026-06-10 23:00:11 start: speakerType=2, agentAccount=yt6123, customerName=5cuwXW | webpush_loaded: YES | skip: speakerType=2, only type=1 needs push
2026-06-10 23:00:17 start: speakerType=2, agentAccount=yt6123, customerName=5cuwXW | webpush_loaded: YES | skip: speakerType=2, only type=1 needs push
2026-06-10 23:00:26 start: speakerType=2, agentAccount=yt6123, customerName=5cuwXW | webpush_loaded: YES | skip: speakerType=2, only type=1 needs push
2026-06-10 23:00:31 start: speakerType=2, agentAccount=yt6123, customerName=5cuwXW | webpush_loaded: YES | skip: speakerType=2, only type=1 needs push
2026-06-10 23:00:41 start: speakerType=2, agentAccount=yt6123, customerName=5cuwXW | webpush_loaded: YES | skip: speakerType=2, only type=1 needs push
2026-06-10 23:02:08 start: speakerType=1, agentAccount=yt6123, customerName=1YP2AZ | webpush_loaded: YES | receiver: id=yt6123, type=agent | platform=白情群聊 | avatar_icon=https://yxkft.300077.xyz/assets/img/bq-kf.jpg | subscription_found: YES | push_result: success=YES, statusCode=201
2026-06-10 23:02:52 start: speakerType=1, agentAccount=yt6123, customerName=sqjfl3 | webpush_loaded: YES | receiver: id=yt6123, type=agent | platform=螃蟹群聊 | avatar_icon=https://yxkft.300077.xyz/assets/img/pangxielist.png | subscription_found: YES | push_result: success=YES, statusCode=201
2026-06-11 00:23:49 start: speakerType=1, agentAccount=nm, customerName=eI8A5Y | webpush_loaded: YES | receiver: id=nm, type=agent | platform=螃蟹群聊 | avatar_icon=https://yxkft.300077.xyz/assets/img/pangxielist.png | subscription_found: NO | skip: no valid subscription (endpoint=no, p256dh=no, auth=no)
2026-06-11 00:24:16 start: speakerType=2, agentAccount=nm, customerName=eI8A5Y | webpush_loaded: YES | skip: speakerType=2, only type=1 needs push
2026-06-11 00:24:24 start: speakerType=2, agentAccount=nm, customerName=eI8A5Y | webpush_loaded: YES | skip: speakerType=2, only type=1 needs push
2026-06-11 00:24:29 start: speakerType=3, agentAccount=nm, customerName=eI8A5Y | webpush_loaded: YES | skip: speakerType=3, only type=1 needs push
2026-06-11 00:24:44 start: speakerType=2, agentAccount=nm, customerName=eI8A5Y | webpush_loaded: YES | skip: speakerType=2, only type=1 needs push
2026-06-11 00:25:20 start: speakerType=2, agentAccount=nm, customerName=eI8A5Y | webpush_loaded: YES | skip: speakerType=2, only type=1 needs push
2026-06-11 00:28:08 start: speakerType=3, agentAccount=nm, customerName=eI8A5Y | webpush_loaded: YES | skip: speakerType=3, only type=1 needs push
2026-06-11 00:28:44 start: speakerType=1, agentAccount=nm, customerName=eI8A5Y | webpush_loaded: YES | receiver: id=nm, type=agent | platform=螃蟹群聊 | avatar_icon=https://yxkft.300077.xyz/assets/img/pangxielist.png | subscription_found: NO | skip: no valid subscription (endpoint=no, p256dh=no, auth=no)
2026-06-11 00:29:12 start: speakerType=1, agentAccount=nm, customerName=eI8A5Y | webpush_loaded: YES | receiver: id=nm, type=agent | platform=螃蟹群聊 | avatar_icon=https://yxkft.300077.xyz/assets/img/pangxielist.png | subscription_found: NO | skip: no valid subscription (endpoint=no, p256dh=no, auth=no)
2026-06-11 00:29:21 start: speakerType=3, agentAccount=nm, customerName=eI8A5Y | webpush_loaded: YES | skip: speakerType=3, only type=1 needs push
2026-06-11 00:29:50 start: speakerType=2, agentAccount=nm, customerName=eI8A5Y | webpush_loaded: YES | skip: speakerType=2, only type=1 needs push
2026-06-11 00:30:49 start: speakerType=1, agentAccount=nm, customerName=eI8A5Y | webpush_loaded: YES | receiver: id=nm, type=agent | platform=螃蟹群聊 | avatar_icon=https://yxkft.300077.xyz/assets/img/pangxielist.png | subscription_found: NO | skip: no valid subscription (endpoint=no, p256dh=no, auth=no)
2026-06-11 00:31:19 start: speakerType=1, agentAccount=nm, customerName=eI8A5Y | webpush_loaded: YES | receiver: id=nm, type=agent | platform=螃蟹群聊 | avatar_icon=https://yxkft.300077.xyz/assets/img/pangxielist.png | subscription_found: NO | skip: no valid subscription (endpoint=no, p256dh=no, auth=no)
2026-06-11 00:32:07 start: speakerType=2, agentAccount=nm, customerName=eI8A5Y | webpush_loaded: YES | skip: speakerType=2, only type=1 needs push
2026-06-11 00:32:13 start: speakerType=2, agentAccount=nm, customerName=eI8A5Y | webpush_loaded: YES | skip: speakerType=2, only type=1 needs push
2026-06-11 00:32:23 start: speakerType=2, agentAccount=nm, customerName=eI8A5Y | webpush_loaded: YES | skip: speakerType=2, only type=1 needs push
2026-06-11 00:32:47 start: speakerType=2, agentAccount=nm, customerName=eI8A5Y | webpush_loaded: YES | skip: speakerType=2, only type=1 needs push
2026-06-11 00:32:55 start: speakerType=2, agentAccount=nm, customerName=eI8A5Y | webpush_loaded: YES | skip: speakerType=2, only type=1 needs push
2026-06-11 00:33:09 start: speakerType=1, agentAccount=nm, customerName=eI8A5Y | webpush_loaded: YES | receiver: id=nm, type=agent | platform=螃蟹群聊 | avatar_icon=https://yxkft.300077.xyz/assets/img/pangxielist.png | subscription_found: NO | skip: no valid subscription (endpoint=no, p256dh=no, auth=no)
2026-06-11 00:34:25 start: speakerType=2, agentAccount=nm, customerName=eI8A5Y | webpush_loaded: YES | skip: speakerType=2, only type=1 needs push
2026-06-11 00:34:38 start: speakerType=2, agentAccount=nm, customerName=eI8A5Y | webpush_loaded: YES | skip: speakerType=2, only type=1 needs push
2026-06-11 00:34:50 start: speakerType=1, agentAccount=nm, customerName=eI8A5Y | webpush_loaded: YES | receiver: id=nm, type=agent | platform=螃蟹群聊 | avatar_icon=https://yxkft.300077.xyz/assets/img/pangxielist.png | subscription_found: NO | skip: no valid subscription (endpoint=no, p256dh=no, auth=no)
2026-06-11 00:35:38 start: speakerType=2, agentAccount=nm, customerName=eI8A5Y | webpush_loaded: YES | skip: speakerType=2, only type=1 needs push
2026-06-11 00:36:59 start: speakerType=1, agentAccount=nm, customerName=eI8A5Y | webpush_loaded: YES | receiver: id=nm, type=agent | platform=螃蟹群聊 | avatar_icon=https://yxkft.300077.xyz/assets/img/pangxielist.png | subscription_found: NO | skip: no valid subscription (endpoint=no, p256dh=no, auth=no)
2026-06-11 00:38:21 start: speakerType=2, agentAccount=nm, customerName=eI8A5Y | webpush_loaded: YES | skip: speakerType=2, only type=1 needs push
2026-06-11 00:38:28 start: speakerType=2, agentAccount=nm, customerName=eI8A5Y | webpush_loaded: YES | skip: speakerType=2, only type=1 needs push
2026-06-11 00:38:54 start: speakerType=2, agentAccount=nm, customerName=eI8A5Y | webpush_loaded: YES | skip: speakerType=2, only type=1 needs push
2026-06-11 00:39:00 start: speakerType=1, agentAccount=nm, customerName=eI8A5Y | webpush_loaded: YES | receiver: id=nm, type=agent | platform=螃蟹群聊 | avatar_icon=https://yxkft.300077.xyz/assets/img/pangxielist.png | subscription_found: NO | skip: no valid subscription (endpoint=no, p256dh=no, auth=no)
2026-06-11 00:39:17 start: speakerType=2, agentAccount=nm, customerName=eI8A5Y | webpush_loaded: YES | skip: speakerType=2, only type=1 needs push
2026-06-11 00:39:24 start: speakerType=2, agentAccount=nm, customerName=eI8A5Y | webpush_loaded: YES | skip: speakerType=2, only type=1 needs push
2026-06-11 00:39:46 start: speakerType=1, agentAccount=nm, customerName=eI8A5Y | webpush_loaded: YES | receiver: id=nm, type=agent | platform=螃蟹群聊 | avatar_icon=https://yxkft.300077.xyz/assets/img/pangxielist.png | subscription_found: NO | skip: no valid subscription (endpoint=no, p256dh=no, auth=no)
2026-06-11 00:40:27 start: speakerType=2, agentAccount=nm, customerName=eI8A5Y | webpush_loaded: YES | skip: speakerType=2, only type=1 needs push
2026-06-11 00:40:31 start: speakerType=2, agentAccount=nm, customerName=eI8A5Y | webpush_loaded: YES | skip: speakerType=2, only type=1 needs push
2026-06-11 00:40:38 start: speakerType=2, agentAccount=nm, customerName=eI8A5Y | webpush_loaded: YES | skip: speakerType=2, only type=1 needs push
2026-06-11 04:32:28 start: speakerType=1, agentAccount=nm, customerName=MUPZto | webpush_loaded: YES | receiver: id=nm, type=agent | platform=螃蟹群聊 | avatar_icon=https://yxkft.300077.xyz/assets/img/pangxielist.png | subscription_found: NO | skip: no valid subscription (endpoint=no, p256dh=no, auth=no)
2026-06-11 04:33:28 start: speakerType=2, agentAccount=nm, customerName=MUPZto | webpush_loaded: YES | skip: speakerType=2, only type=1 needs push
2026-06-11 04:33:32 start: speakerType=2, agentAccount=nm, customerName=MUPZto | webpush_loaded: YES | skip: speakerType=2, only type=1 needs push
2026-06-11 04:33:41 start: speakerType=3, agentAccount=nm, customerName=MUPZto | webpush_loaded: YES | skip: speakerType=3, only type=1 needs push
2026-06-11 04:33:48 start: speakerType=1, agentAccount=nm, customerName=MUPZto | webpush_loaded: YES | receiver: id=nm, type=agent | platform=螃蟹群聊 | avatar_icon=https://yxkft.300077.xyz/assets/img/pangxielist.png | subscription_found: NO | skip: no valid subscription (endpoint=no, p256dh=no, auth=no)
2026-06-11 04:34:08 start: speakerType=2, agentAccount=nm, customerName=MUPZto | webpush_loaded: YES | skip: speakerType=2, only type=1 needs push
2026-06-11 04:34:25 start: speakerType=2, agentAccount=nm, customerName=MUPZto | webpush_loaded: YES | skip: speakerType=2, only type=1 needs push
2026-06-11 04:34:30 start: speakerType=3, agentAccount=nm, customerName=MUPZto | webpush_loaded: YES | skip: speakerType=3, only type=1 needs push
2026-06-11 04:34:36 start: speakerType=1, agentAccount=nm, customerName=MUPZto | webpush_loaded: YES | receiver: id=nm, type=agent | platform=螃蟹群聊 | avatar_icon=https://yxkft.300077.xyz/assets/img/pangxielist.png | subscription_found: NO | skip: no valid subscription (endpoint=no, p256dh=no, auth=no)
2026-06-11 04:35:25 start: speakerType=2, agentAccount=nm, customerName=MUPZto | webpush_loaded: YES | skip: speakerType=2, only type=1 needs push
2026-06-11 04:35:31 start: speakerType=2, agentAccount=nm, customerName=MUPZto | webpush_loaded: YES | skip: speakerType=2, only type=1 needs push
2026-06-11 04:35:38 start: speakerType=3, agentAccount=nm, customerName=MUPZto | webpush_loaded: YES | skip: speakerType=3, only type=1 needs push
2026-06-11 04:35:44 start: speakerType=1, agentAccount=nm, customerName=MUPZto | webpush_loaded: YES | receiver: id=nm, type=agent | platform=螃蟹群聊 | avatar_icon=https://yxkft.300077.xyz/assets/img/pangxielist.png | subscription_found: NO | skip: no valid subscription (endpoint=no, p256dh=no, auth=no)
2026-06-11 04:36:26 start: speakerType=1, agentAccount=nm, customerName=MUPZto | webpush_loaded: YES | receiver: id=nm, type=agent | platform=螃蟹群聊 | avatar_icon=https://yxkft.300077.xyz/assets/img/pangxielist.png | subscription_found: NO | skip: no valid subscription (endpoint=no, p256dh=no, auth=no)
2026-06-11 04:36:31 start: speakerType=1, agentAccount=nm, customerName=MUPZto | webpush_loaded: YES | receiver: id=nm, type=agent | platform=螃蟹群聊 | avatar_icon=https://yxkft.300077.xyz/assets/img/pangxielist.png | subscription_found: NO | skip: no valid subscription (endpoint=no, p256dh=no, auth=no)
2026-06-11 04:36:38 start: speakerType=1, agentAccount=nm, customerName=MUPZto | webpush_loaded: YES | receiver: id=nm, type=agent | platform=螃蟹群聊 | avatar_icon=https://yxkft.300077.xyz/assets/img/pangxielist.png | subscription_found: NO | skip: no valid subscription (endpoint=no, p256dh=no, auth=no)
2026-06-11 04:36:40 start: speakerType=2, agentAccount=nm, customerName=MUPZto | webpush_loaded: YES | skip: speakerType=2, only type=1 needs push
2026-06-11 04:36:50 start: speakerType=2, agentAccount=nm, customerName=MUPZto | webpush_loaded: YES | skip: speakerType=2, only type=1 needs push
2026-06-11 04:36:53 start: speakerType=2, agentAccount=nm, customerName=MUPZto | webpush_loaded: YES | skip: speakerType=2, only type=1 needs push
2026-06-11 04:37:07 start: speakerType=1, agentAccount=nm, customerName=MUPZto | webpush_loaded: YES | receiver: id=nm, type=agent | platform=螃蟹群聊 | avatar_icon=https://yxkft.300077.xyz/assets/img/pangxielist.png | subscription_found: NO | skip: no valid subscription (endpoint=no, p256dh=no, auth=no)
2026-06-11 04:37:26 start: speakerType=2, agentAccount=nm, customerName=MUPZto | webpush_loaded: YES | skip: speakerType=2, only type=1 needs push
2026-06-11 04:38:10 start: speakerType=1, agentAccount=nm, customerName=MUPZto | webpush_loaded: YES | receiver: id=nm, type=agent | platform=螃蟹群聊 | avatar_icon=https://yxkft.300077.xyz/assets/img/pangxielist.png | subscription_found: NO | skip: no valid subscription (endpoint=no, p256dh=no, auth=no)
2026-06-11 04:38:22 start: speakerType=2, agentAccount=nm, customerName=MUPZto | webpush_loaded: YES | skip: speakerType=2, only type=1 needs push
2026-06-11 04:38:41 start: speakerType=2, agentAccount=nm, customerName=MUPZto | webpush_loaded: YES | skip: speakerType=2, only type=1 needs push
2026-06-11 04:38:42 start: speakerType=1, agentAccount=nm, customerName=MUPZto | webpush_loaded: YES | receiver: id=nm, type=agent | platform=螃蟹群聊 | avatar_icon=https://yxkft.300077.xyz/assets/img/pangxielist.png | subscription_found: NO | skip: no valid subscription (endpoint=no, p256dh=no, auth=no)
2026-06-11 04:38:50 start: speakerType=2, agentAccount=nm, customerName=MUPZto | webpush_loaded: YES | skip: speakerType=2, only type=1 needs push
2026-06-11 04:38:55 start: speakerType=2, agentAccount=nm, customerName=MUPZto | webpush_loaded: YES | skip: speakerType=2, only type=1 needs push
2026-06-11 04:39:04 start: speakerType=1, agentAccount=nm, customerName=MUPZto | webpush_loaded: YES | receiver: id=nm, type=agent | platform=螃蟹群聊 | avatar_icon=https://yxkft.300077.xyz/assets/img/pangxielist.png | subscription_found: NO | skip: no valid subscription (endpoint=no, p256dh=no, auth=no)
2026-06-11 04:39:07 start: speakerType=1, agentAccount=nm, customerName=MUPZto | webpush_loaded: YES | receiver: id=nm, type=agent | platform=螃蟹群聊 | avatar_icon=https://yxkft.300077.xyz/assets/img/pangxielist.png | subscription_found: NO | skip: no valid subscription (endpoint=no, p256dh=no, auth=no)
2026-06-11 04:39:13 start: speakerType=2, agentAccount=nm, customerName=MUPZto | webpush_loaded: YES | skip: speakerType=2, only type=1 needs push
2026-06-11 04:39:30 start: speakerType=1, agentAccount=nm, customerName=MUPZto | webpush_loaded: YES | receiver: id=nm, type=agent | platform=螃蟹群聊 | avatar_icon=https://yxkft.300077.xyz/assets/img/pangxielist.png | subscription_found: NO | skip: no valid subscription (endpoint=no, p256dh=no, auth=no)
2026-06-11 04:39:35 start: speakerType=2, agentAccount=nm, customerName=MUPZto | webpush_loaded: YES | skip: speakerType=2, only type=1 needs push
2026-06-11 04:39:52 start: speakerType=2, agentAccount=nm, customerName=MUPZto | webpush_loaded: YES | skip: speakerType=2, only type=1 needs push
2026-06-11 04:39:59 start: speakerType=2, agentAccount=nm, customerName=MUPZto | webpush_loaded: YES | skip: speakerType=2, only type=1 needs push
2026-06-11 04:40:11 start: speakerType=1, agentAccount=nm, customerName=MUPZto | webpush_loaded: YES | receiver: id=nm, type=agent | platform=螃蟹群聊 | avatar_icon=https://yxkft.300077.xyz/assets/img/pangxielist.png | subscription_found: NO | skip: no valid subscription (endpoint=no, p256dh=no, auth=no)
2026-06-11 04:40:18 start: speakerType=2, agentAccount=nm, customerName=MUPZto | webpush_loaded: YES | skip: speakerType=2, only type=1 needs push
2026-06-11 04:40:49 start: speakerType=2, agentAccount=nm, customerName=MUPZto | webpush_loaded: YES | skip: speakerType=2, only type=1 needs push
2026-06-11 04:41:12 start: speakerType=2, agentAccount=nm, customerName=MUPZto | webpush_loaded: YES | skip: speakerType=2, only type=1 needs push
2026-06-11 04:41:15 start: speakerType=2, agentAccount=nm, customerName=MUPZto | webpush_loaded: YES | skip: speakerType=2, only type=1 needs push
2026-06-11 04:41:58 start: speakerType=1, agentAccount=nm, customerName=MUPZto | webpush_loaded: YES | receiver: id=nm, type=agent | platform=螃蟹群聊 | avatar_icon=https://yxkft.300077.xyz/assets/img/pangxielist.png | subscription_found: NO | skip: no valid subscription (endpoint=no, p256dh=no, auth=no)
2026-06-11 04:42:06 start: speakerType=2, agentAccount=nm, customerName=MUPZto | webpush_loaded: YES | skip: speakerType=2, only type=1 needs push
2026-06-11 04:42:27 start: speakerType=1, agentAccount=nm, customerName=MUPZto | webpush_loaded: YES | receiver: id=nm, type=agent | platform=螃蟹群聊 | avatar_icon=https://yxkft.300077.xyz/assets/img/pangxielist.png | subscription_found: NO | skip: no valid subscription (endpoint=no, p256dh=no, auth=no)
2026-06-11 04:42:39 start: speakerType=2, agentAccount=nm, customerName=MUPZto | webpush_loaded: YES | skip: speakerType=2, only type=1 needs push
2026-06-11 04:42:49 start: speakerType=1, agentAccount=nm, customerName=MUPZto | webpush_loaded: YES | receiver: id=nm, type=agent | platform=螃蟹群聊 | avatar_icon=https://yxkft.300077.xyz/assets/img/pangxielist.png | subscription_found: NO | skip: no valid subscription (endpoint=no, p256dh=no, auth=no)
2026-06-11 04:43:04 start: speakerType=2, agentAccount=nm, customerName=MUPZto | webpush_loaded: YES | skip: speakerType=2, only type=1 needs push
2026-06-11 04:43:18 start: speakerType=1, agentAccount=nm, customerName=MUPZto | webpush_loaded: YES | receiver: id=nm, type=agent | platform=螃蟹群聊 | avatar_icon=https://yxkft.300077.xyz/assets/img/pangxielist.png | subscription_found: NO | skip: no valid subscription (endpoint=no, p256dh=no, auth=no)
2026-06-11 04:47:26 start: speakerType=1, agentAccount=nm, customerName=GnkDJ5 | webpush_loaded: YES | receiver: id=nm, type=agent | platform=螃蟹 | avatar_icon=https://yxkft.300077.xyz/assets/img/pangxielist.png | subscription_found: NO | skip: no valid subscription (endpoint=no, p256dh=no, auth=no)
2026-06-11 04:47:47 start: speakerType=2, agentAccount=nm, customerName=GnkDJ5 | webpush_loaded: YES | skip: speakerType=2, only type=1 needs push
2026-06-11 04:48:24 start: speakerType=2, agentAccount=nm, customerName=GnkDJ5 | webpush_loaded: YES | skip: speakerType=2, only type=1 needs push
